# JRE version: Java(TM) SE Runtime Environment (8.0_181-b13) (build 1.8.0_181-b13)
# Java VM: Java HotSpot(TM) 64-Bit Server VM (25.181-b13 mixed mode windows-amd64 compressed oops)
Heap:
 PSYoungGen      total 137216K, used 95283K [0x00000000d6980000, 0x00000000df780000, 0x0000000100000000)
  eden space 130560K, 72% used [0x00000000d6980000,0x00000000dc68cf90,0x00000000de900000)
  from space 6656K, 0% used [0x00000000df000000,0x00000000df000000,0x00000000df680000)
  to   space 7168K, 0% used [0x00000000de900000,0x00000000de900000,0x00000000df000000)
 ParOldGen       total 44544K, used 5187K [0x0000000083c00000, 0x0000000086780000, 0x00000000d6980000)
  object space 44544K, 11% used [0x0000000083c00000,0x0000000084110fc8,0x0000000086780000)
 Metaspace       used 26260K, capacity 26796K, committed 27132K, reserved 1075200K
  class space    used 3657K, capacity 3811K, committed 3836K, reserved 1048576K
GC Heap History (10 events):
Event: 3.641 GC heap before
{Heap before GC invocations=5 (full 0):
 PSYoungGen      total 37888K, used 37835K [0x00000000d6980000, 0x00000000d9380000, 0x0000000100000000)
  eden space 32768K, 99% used [0x00000000d6980000,0x00000000d89786a8,0x00000000d8980000)
  from space 5120K, 99% used [0x00000000d8e80000,0x00000000d937a6f8,0x00000000d9380000)
  to   space 5120K, 0% used [0x00000000d8980000,0x00000000d8980000,0x00000000d8e80000)
 ParOldGen       total 86016K, used 715K [0x0000000083c00000, 0x0000000089000000, 0x00000000d6980000)
  object space 86016K, 0% used [0x0000000083c00000,0x0000000083cb2df8,0x0000000089000000)
 Metaspace       used 18391K, capacity 18746K, committed 19072K, reserved 1064960K
  class space    used 2509K, capacity 2616K, committed 2688K, reserved 1048576K
Event: 3.647 GC heap after
Heap after GC invocations=5 (full 0):
 PSYoungGen      total 37888K, used 5095K [0x00000000d6980000, 0x00000000db680000, 0x0000000100000000)
  eden space 32768K, 0% used [0x00000000d6980000,0x00000000d6980000,0x00000000d8980000)
  from space 5120K, 99% used [0x00000000d8980000,0x00000000d8e79f58,0x00000000d8e80000)
  to   space 6656K, 0% used [0x00000000db000000,0x00000000db000000,0x00000000db680000)
 ParOldGen       total 86016K, used 1136K [0x0000000083c00000, 0x0000000089000000, 0x00000000d6980000)
  object space 86016K, 1% used [0x0000000083c00000,0x0000000083d1c288,0x0000000089000000)
 Metaspace       used 18391K, capacity 18746K, committed 19072K, reserved 1064960K
  class space    used 2509K, capacity 2616K, committed 2688K, reserved 1048576K
}
Event: 3.803 GC heap before
{Heap before GC invocations=6 (full 0):
 PSYoungGen      total 37888K, used 37863K [0x00000000d6980000, 0x00000000db680000, 0x0000000100000000)
  eden space 32768K, 100% used [0x00000000d6980000,0x00000000d8980000,0x00000000d8980000)
  from space 5120K, 99% used [0x00000000d8980000,0x00000000d8e79f58,0x00000000d8e80000)
  to   space 6656K, 0% used [0x00000000db000000,0x00000000db000000,0x00000000db680000)
 ParOldGen       total 86016K, used 1136K [0x0000000083c00000, 0x0000000089000000, 0x00000000d6980000)
  object space 86016K, 1% used [0x0000000083c00000,0x0000000083d1c288,0x0000000089000000)
 Metaspace       used 19197K, capacity 19656K, committed 19968K, reserved 1067008K
  class space    used 2656K, capacity 2793K, committed 2816K, reserved 1048576K
Event: 3.810 GC heap after
Heap after GC invocations=6 (full 0):
 PSYoungGen      total 72192K, used 5425K [0x00000000d6980000, 0x00000000db680000, 0x0000000100000000)
  eden space 65536K, 0% used [0x00000000d6980000,0x00000000d6980000,0x00000000da980000)
  from space 6656K, 81% used [0x00000000db000000,0x00000000db54c5a8,0x00000000db680000)
  to   space 6656K, 0% used [0x00000000da980000,0x00000000da980000,0x00000000db000000)
 ParOldGen       total 86016K, used 1144K [0x0000000083c00000, 0x0000000089000000, 0x00000000d6980000)
  object space 86016K, 1% used [0x0000000083c00000,0x0000000083d1e288,0x0000000089000000)
 Metaspace       used 19197K, capacity 19656K, committed 19968K, reserved 1067008K
  class space    used 2656K, capacity 2793K, committed 2816K, reserved 1048576K
}
Event: 4.007 GC heap before
{Heap before GC invocations=7 (full 0):
 PSYoungGen      total 72192K, used 29229K [0x00000000d6980000, 0x00000000db680000, 0x0000000100000000)
  eden space 65536K, 36% used [0x00000000d6980000,0x00000000d80beee0,0x00000000da980000)
  from space 6656K, 81% used [0x00000000db000000,0x00000000db54c5a8,0x00000000db680000)
  to   space 6656K, 0% used [0x00000000da980000,0x00000000da980000,0x00000000db000000)
 ParOldGen       total 86016K, used 1144K [0x0000000083c00000, 0x0000000089000000, 0x00000000d6980000)
  object space 86016K, 1% used [0x0000000083c00000,0x0000000083d1e288,0x0000000089000000)
 Metaspace       used 20795K, capacity 21192K, committed 21504K, reserved 1067008K
  class space    used 2923K, capacity 3049K, committed 3072K, reserved 1048576K
Event: 4.017 GC heap after
Heap after GC invocations=7 (full 0):
 PSYoungGen      total 72192K, used 3928K [0x00000000d6980000, 0x00000000df680000, 0x0000000100000000)
  eden space 65536K, 0% used [0x00000000d6980000,0x00000000d6980000,0x00000000da980000)
  from space 6656K, 59% used [0x00000000da980000,0x00000000dad563c0,0x00000000db000000)
  to   space 6656K, 0% used [0x00000000df000000,0x00000000df000000,0x00000000df680000)
 ParOldGen       total 86016K, used 3841K [0x0000000083c00000, 0x0000000089000000, 0x00000000d6980000)
  object space 86016K, 4% used [0x0000000083c00000,0x0000000083fc05d0,0x0000000089000000)
 Metaspace       used 20795K, capacity 21192K, committed 21504K, reserved 1067008K
  class space    used 2923K, capacity 3049K, committed 3072K, reserved 1048576K
}
Event: 4.049 GC heap before
{Heap before GC invocations=8 (full 0):
 PSYoungGen      total 72192K, used 8579K [0x00000000d6980000, 0x00000000df680000, 0x0000000100000000)
  eden space 65536K, 7% used [0x00000000d6980000,0x00000000d6e0aa68,0x00000000da980000)
  from space 6656K, 59% used [0x00000000da980000,0x00000000dad563c0,0x00000000db000000)
  to   space 6656K, 0% used [0x00000000df000000,0x00000000df000000,0x00000000df680000)
 ParOldGen       total 86016K, used 3841K [0x0000000083c00000, 0x0000000089000000, 0x00000000d6980000)
  object space 86016K, 4% used [0x0000000083c00000,0x0000000083fc05d0,0x0000000089000000)
 Metaspace       used 21116K, capacity 21456K, committed 21628K, reserved 1067008K
  class space    used 2984K, capacity 3115K, committed 3196K, reserved 1048576K
Event: 4.058 GC heap after
Heap after GC invocations=8 (full 0):
 PSYoungGen      total 137216K, used 1812K [0x00000000d6980000, 0x00000000df780000, 0x0000000100000000)
  eden space 130560K, 0% used [0x00000000d6980000,0x00000000d6980000,0x00000000de900000)
  from space 6656K, 27% used [0x00000000df000000,0x00000000df1c5010,0x00000000df680000)
  to   space 7168K, 0% used [0x00000000de900000,0x00000000de900000,0x00000000df000000)
 ParOldGen       total 86016K, used 4649K [0x0000000083c00000, 0x0000000089000000, 0x00000000d6980000)
  object space 86016K, 5% used [0x0000000083c00000,0x000000008408a5f0,0x0000000089000000)
 Metaspace       used 21116K, capacity 21456K, committed 21628K, reserved 1067008K
  class space    used 2984K, capacity 3115K, committed 3196K, reserved 1048576K
}
Event: 4.058 GC heap before
{Heap before GC invocations=9 (full 1):
 PSYoungGen      total 137216K, used 1812K [0x00000000d6980000, 0x00000000df780000, 0x0000000100000000)
  eden space 130560K, 0% used [0x00000000d6980000,0x00000000d6980000,0x00000000de900000)
  from space 6656K, 27% used [0x00000000df000000,0x00000000df1c5010,0x00000000df680000)
  to   space 7168K, 0% used [0x00000000de900000,0x00000000de900000,0x00000000df000000)
 ParOldGen       total 86016K, used 4649K [0x0000000083c00000, 0x0000000089000000, 0x00000000d6980000)
  object space 86016K, 5% used [0x0000000083c00000,0x000000008408a5f0,0x0000000089000000)
 Metaspace       used 21116K, capacity 21456K, committed 21628K, reserved 1067008K
  class space    used 2984K, capacity 3115K, committed 3196K, reserved 1048576K
Event: 4.104 GC heap after
Heap after GC invocations=9 (full 1):
 PSYoungGen      total 137216K, used 0K [0x00000000d6980000, 0x00000000df780000, 0x0000000100000000)
  eden space 130560K, 0% used [0x00000000d6980000,0x00000000d6980000,0x00000000de900000)
  from space 6656K, 0% used [0x00000000df000000,0x00000000df000000,0x00000000df680000)
  to   space 7168K, 0% used [0x00000000de900000,0x00000000de900000,0x00000000df000000)
 ParOldGen       total 44544K, used 5187K [0x0000000083c00000, 0x0000000086780000, 0x00000000d6980000)
  object space 44544K, 11% used [0x0000000083c00000,0x0000000084110fc8,0x0000000086780000)
 Metaspace       used 21116K, capacity 21456K, committed 21628K, reserved 1067008K
  class space    used 2984K, capacity 3115K, committed 3196K, reserved 1048576K
}

